TN:
SF:Data/Frame/Frame_0x33.js
FN:11,(anonymous_0)
FNF:1
FNH:1
FNDA:1,(anonymous_0)
DA:1,1
DA:2,1
DA:3,1
DA:12,1
DA:13,1
DA:15,1
DA:21,1
DA:24,1
DA:27,1
DA:30,1
DA:35,1
DA:39,1
DA:40,1
DA:41,1
DA:44,1
DA:45,1
DA:46,1
DA:49,1
DA:52,1
DA:55,1
DA:58,1
DA:59,1
DA:60,1
DA:63,1
DA:66,1
DA:70,1
DA:71,1
DA:72,1
DA:75,1
DA:76,1
DA:78,1
DA:80,1
DA:81,1
DA:82,1
DA:84,1
DA:85,1
DA:86,1
DA:88,1
DA:92,1
LF:39
LH:39
BRF:0
BRH:0
end_of_record
TN:
SF:Data/Frame/Frame_0x35.js
FN:11,(anonymous_0)
FNF:1
FNH:1
FNDA:5,(anonymous_0)
DA:1,1
DA:2,1
DA:3,1
DA:4,1
DA:12,5
DA:17,5
DA:20,5
DA:23,5
DA:26,5
DA:29,5
DA:32,5
DA:35,5
DA:38,5
DA:41,5
DA:44,5
DA:47,5
DA:50,5
DA:51,5
DA:52,5
DA:55,5
DA:56,5
DA:57,5
DA:59,5
DA:60,5
DA:61,5
DA:64,5
DA:68,1
LF:27
LH:27
BRF:0
BRH:0
end_of_record
TN:
SF:Data/Frame/Frame_0x36.js
FN:13,(anonymous_0)
FNF:1
FNH:1
FNDA:1,(anonymous_0)
DA:1,2
DA:2,2
DA:3,2
DA:4,2
DA:6,2
DA:14,1
DA:20,1
DA:23,1
DA:24,1
DA:27,1
DA:30,1
DA:31,1
DA:34,1
DA:35,1
DA:38,1
DA:41,1
DA:42,1
DA:43,1
DA:47,1
DA:48,1
DA:49,1
DA:53,1
DA:54,1
DA:58,1
DA:59,1
DA:60,1
DA:64,1
DA:65,1
DA:66,1
DA:69,1
DA:70,1
DA:71,1
DA:75,1
DA:80,2
LF:34
LH:34
BRF:0
BRH:0
end_of_record
TN:
SF:Data/Frame/Frame_0x37.js
FN:10,(anonymous_0)
FNF:1
FNH:1
FNDA:1,(anonymous_0)
DA:1,1
DA:2,1
DA:3,1
DA:11,1
DA:16,1
DA:19,1
DA:22,1
DA:23,1
DA:24,1
DA:27,1
DA:28,1
DA:29,1
DA:32,1
DA:33,1
DA:36,1
DA:39,1
DA:40,1
DA:41,1
DA:44,1
DA:45,1
DA:46,1
DA:48,1
DA:53,1
LF:23
LH:23
BRF:0
BRH:0
end_of_record
TN:
SF:Data/Frame/Frame_0x38.js
FN:10,(anonymous_0)
FNF:1
FNH:1
FNDA:1,(anonymous_0)
DA:1,1
DA:2,1
DA:3,1
DA:11,1
DA:16,1
DA:19,1
DA:22,1
DA:23,1
DA:24,1
DA:27,1
DA:28,1
DA:29,1
DA:32,1
DA:33,1
DA:36,1
DA:39,1
DA:40,1
DA:41,1
DA:44,1
DA:45,1
DA:46,1
DA:48,1
DA:53,1
LF:23
LH:23
BRF:0
BRH:0
end_of_record
TN:
SF:Data/Frame/Frame_0x39.js
FN:10,(anonymous_0)
FNF:1
FNH:1
FNDA:1,(anonymous_0)
DA:1,1
DA:2,1
DA:3,1
DA:11,1
DA:16,1
DA:19,1
DA:22,1
DA:25,1
DA:26,1
DA:29,1
DA:30,1
DA:31,1
DA:34,1
DA:35,1
DA:36,1
DA:39,1
DA:42,1
DA:45,1
DA:46,1
DA:47,1
DA:50,1
DA:51,1
DA:52,1
DA:55,1
DA:57,1
DA:61,1
LF:26
LH:26
BRF:0
BRH:0
end_of_record
TN:
SF:Data/Frame/Frame_0x3A.js
FN:10,(anonymous_0)
FNF:1
FNH:1
FNDA:1,(anonymous_0)
DA:1,1
DA:2,1
DA:3,1
DA:12,1
DA:17,1
DA:20,1
DA:23,1
DA:26,1
DA:27,1
DA:30,1
DA:31,1
DA:32,1
DA:35,1
DA:36,1
DA:37,1
DA:40,1
DA:41,1
DA:44,1
DA:45,1
DA:46,1
DA:49,1
DA:50,1
DA:51,1
DA:53,1
DA:57,1
LF:25
LH:25
BRF:0
BRH:0
end_of_record
TN:
SF:Data/Frame/Frame_0x3C.js
FN:9,(anonymous_0)
FNF:1
FNH:1
FNDA:2,(anonymous_0)
DA:1,1
DA:2,1
DA:10,2
DA:15,2
DA:17,2
DA:19,2
DA:20,2
DA:22,2
DA:26,1
LF:9
LH:9
BRF:0
BRH:0
end_of_record
TN:
SF:Data/Frame/Frame_0x62_HomePlayerNames.js
FN:12,(anonymous_0)
FNF:1
FNH:1
FNDA:3,(anonymous_0)
DA:1,1
DA:2,1
DA:3,1
DA:14,3
DA:17,3
DA:27,3
DA:30,3
DA:31,3
DA:32,3
DA:35,3
DA:40,1
LF:11
LH:11
BRF:0
BRH:0
end_of_record
TN:
SF:Data/Frame/Frame_0x62_TeamNames.js
FN:9,(anonymous_0)
FNF:1
FNH:1
FNDA:2,(anonymous_0)
DA:1,1
DA:2,1
DA:3,1
DA:10,2
DA:12,2
DA:16,2
DA:18,2
DA:20,2
DA:22,2
DA:26,1
LF:10
LH:10
BRF:0
BRH:0
end_of_record
TN:
SF:Data/Frame/Frame_0x6C.js
FN:11,(anonymous_0)
FNF:1
FNH:1
FNDA:1,(anonymous_0)
DA:1,1
DA:2,1
DA:3,1
DA:4,1
DA:13,1
DA:18,1
DA:21,1
DA:24,1
DA:27,1
DA:28,1
DA:31,1
DA:32,1
DA:33,1
DA:37,1
DA:38,1
DA:39,1
DA:42,1
DA:43,1
DA:46,1
DA:47,1
DA:48,1
DA:51,1
DA:52,1
DA:53,1
DA:54,1
DA:58,1
LF:26
LH:26
BRF:0
BRH:0
end_of_record
TN:
SF:Data/Frame/Frame_0x74.js
FN:7,(anonymous_0)
FNF:1
FNH:1
FNDA:1,(anonymous_0)
DA:8,1
DA:16,1
DA:17,16
DA:18,16
DA:21,1
DA:25,1
LF:6
LH:6
BRF:0
BRH:0
end_of_record
TN:
SF:Data/Frame/Frame_0x77_GuestPlayerNames.js
FN:12,(anonymous_0)
FNF:1
FNH:1
FNDA:3,(anonymous_0)
DA:1,1
DA:2,1
DA:3,1
DA:14,3
DA:17,3
DA:27,3
DA:30,3
DA:31,3
DA:32,3
DA:35,3
DA:40,1
LF:11
LH:11
BRF:0
BRH:0
end_of_record
TN:
SF:Data/Frame/Frame_0x77_TeamNames.js
FN:9,(anonymous_0)
FNF:1
FNH:1
FNDA:2,(anonymous_0)
DA:1,1
DA:2,1
DA:3,1
DA:10,2
DA:12,2
DA:16,2
DA:18,2
DA:20,2
DA:22,2
DA:26,1
LF:10
LH:10
BRF:0
BRH:0
end_of_record
TN:
SF:Data/Frame/Frame_0x93.js
FN:9,(anonymous_0)
FNF:1
FNH:1
FNDA:1,(anonymous_0)
DA:1,1
DA:2,1
DA:10,1
DA:15,1
DA:18,1
DA:21,1
DA:24,1
DA:27,1
DA:28,1
DA:31,1
DA:32,1
DA:35,1
DA:38,1
DA:39,1
DA:40,1
DA:43,1
DA:44,1
DA:47,1
DA:51,1
LF:19
LH:19
BRF:0
BRH:0
end_of_record
TN:
SF:Data/Frame/Frame_0x94.js
FN:9,(anonymous_0)
FNF:1
FNH:1
FNDA:1,(anonymous_0)
DA:1,1
DA:2,1
DA:10,1
DA:15,1
DA:18,1
DA:21,1
DA:24,1
DA:27,1
DA:30,1
DA:33,1
DA:34,1
DA:37,1
DA:38,1
DA:41,1
DA:44,1
DA:45,1
DA:46,1
DA:49,1
DA:50,1
DA:51,1
DA:54,1
DA:55,1
DA:56,1
DA:58,1
DA:63,1
LF:25
LH:25
BRF:0
BRH:0
end_of_record
TN:
SF:Data/Frame/Frame_0x9A.js
FN:10,(anonymous_0)
FNF:1
FNH:1
FNDA:1,(anonymous_0)
DA:1,1
DA:2,1
DA:3,1
DA:12,1
DA:17,1
DA:19,1
DA:22,1
DA:23,1
DA:24,1
DA:27,1
DA:28,1
DA:29,1
DA:31,1
DA:35,1
LF:14
LH:14
BRF:0
BRH:0
end_of_record
TN:
SF:Data/Frame/Frame_0xA9.js
FN:8,(anonymous_0)
FNF:1
FNH:1
FNDA:1,(anonymous_0)
DA:1,1
DA:2,1
DA:9,1
DA:14,1
DA:16,1
DA:20,1
LF:6
LH:6
BRF:0
BRH:0
end_of_record
TN:
SF:Data/Frame/Frame_0xAC.js
FN:8,(anonymous_0)
FNF:1
FNH:1
FNDA:1,(anonymous_0)
DA:1,1
DA:2,1
DA:9,1
DA:14,1
DA:16,1
DA:20,1
LF:6
LH:6
BRF:0
BRH:0
end_of_record
TN:
SF:Data/Utils/Encode.js
FN:1,Encode
FNF:1
FNH:1
FNDA:10,Encode
DA:2,10
DA:3,540
DA:4,40
DA:7,10
DA:10,4
LF:5
LH:5
BRDA:3,0,0,40
BRDA:3,0,1,500
BRF:2
BRH:2
end_of_record
TN:
SF:Data/Utils/nBytesToNumber.js
FN:1,nBytesToNumber
FNF:1
FNH:1
FNDA:403,nBytesToNumber
DA:2,403
DA:5,403
DA:6,655
DA:9,403
DA:13,20
LF:5
LH:5
BRF:0
BRH:0
end_of_record
TN:
SF:Data/Utils/nBytesToTables.js
FN:3,nBytesToTables
FNF:1
FNH:1
FNDA:6,nBytesToTables
DA:1,5
DA:4,6
DA:5,6
DA:6,22
DA:8,6
DA:11,5
LF:6
LH:6
BRF:0
BRH:0
end_of_record
TN:
SF:Data/Utils/Enums/eLED.js
FNF:0
FNH:0
DA:1,18
DA:7,18
DA:13,18
LF:3
LH:3
BRF:0
BRH:0
end_of_record
TN:
SF:Data/Utils/Enums/eSport.js
FNF:0
FNH:0
DA:1,3
DA:16,3
LF:2
LH:2
BRF:0
BRH:0
end_of_record
TN:
SF:Data/Utils/Enums/eTeam.js
FNF:0
FNH:0
DA:1,18
DA:7,18
LF:2
LH:2
BRF:0
BRH:0
end_of_record
TN:
SF:Data/Utils/Frame_Tools/11_47_IndividualPoints.js
FN:3,IndividualPoints
FNF:1
FNH:1
FNDA:2,IndividualPoints
DA:1,18
DA:4,2
DA:5,2
DA:6,2
DA:7,2
DA:10,2
DA:11,26
DA:14,2
DA:17,18
LF:9
LH:9
BRF:0
BRH:0
end_of_record
TN:
SF:Data/Utils/Frame_Tools/15_16_PenaltiesInProgress.js
FN:5,PenaltiesInProgress
FNF:1
FNH:1
FNDA:14,PenaltiesInProgress
DA:6,14
DA:7,0
DA:8,14
DA:9,0
DA:10,14
DA:11,0
DA:12,14
DA:13,0
DA:14,14
DA:15,0
DA:16,14
DA:17,0
DA:18,14
DA:19,0
DA:21,14
DA:25,18
LF:16
LH:9
BRDA:6,0,0,0
BRDA:6,0,1,14
BRDA:8,1,0,0
BRDA:8,1,1,14
BRDA:10,2,0,0
BRDA:10,2,1,14
BRDA:12,3,0,0
BRDA:12,3,1,14
BRDA:14,4,0,0
BRDA:14,4,1,14
BRDA:16,5,0,0
BRDA:16,5,1,14
BRDA:18,6,0,0
BRDA:18,6,1,14
BRF:14
BRH:7
end_of_record
TN:
SF:Data/Utils/Frame_Tools/15_16_TeamFouls.js
FN:3,TeamFouls
FNF:1
FNH:1
FNDA:2,TeamFouls
DA:1,18
DA:4,2
DA:8,2
DA:9,0
DA:10,0
DA:12,2
DA:13,2
DA:15,2
DA:18,18
LF:9
LH:7
BRDA:8,0,0,0
BRDA:8,0,1,2
BRF:2
BRH:1
end_of_record
TN:
SF:Data/Utils/Frame_Tools/19_Horn.js
FN:1,Horn
FNF:1
FNH:1
FNDA:14,Horn
DA:2,14
DA:5,18
LF:2
LH:2
BRF:0
BRH:0
end_of_record
TN:
SF:Data/Utils/Frame_Tools/20_TimerStartStop.js
FN:1,TimerStartStop
FNF:1
FNH:1
FNDA:12,TimerStartStop
DA:2,12
DA:7,12
DA:8,8
DA:9,8
DA:10,4
DA:11,2
DA:12,2
DA:13,2
DA:14,2
DA:15,2
DA:17,12
DA:20,18
LF:12
LH:12
BRDA:7,0,0,8
BRDA:7,0,1,4
BRDA:10,1,0,2
BRDA:10,1,1,2
BRDA:13,2,0,2
BRDA:13,2,1,0
BRDA:13,3,0,2
BRDA:13,3,1,1
BRF:8
BRH:7
end_of_record
TN:
SF:Data/Utils/Frame_Tools/21_ClockTimerDisplay.js
FN:1,ClockTimerDisplay
FNF:1
FNH:1
FNDA:7,ClockTimerDisplay
DA:2,7
DA:7,7
DA:8,1
DA:10,6
DA:13,7
DA:16,18
LF:6
LH:6
BRDA:7,0,0,1
BRDA:7,0,1,6
BRF:2
BRH:2
end_of_record
TN:
SF:Data/Utils/Frame_Tools/22_43_PenaltiesTimer.js
FN:3,PenaltiesTimer
FNF:1
FNH:1
FNDA:2,PenaltiesTimer
DA:1,18
DA:4,2
DA:6,2
DA:7,6
DA:10,2
DA:13,18
LF:6
LH:6
BRF:0
BRH:0
end_of_record
TN:
SF:Data/Utils/Frame_Tools/22_45_IndividualFouls.js
FN:2,IndividualFouls
FNF:1
FNH:1
FNDA:6,IndividualFouls
DA:1,18
DA:3,6
DA:5,6
DA:6,80
DA:8,6
DA:11,18
LF:6
LH:6
BRF:0
BRH:0
end_of_record
TN:
SF:Data/Utils/Frame_Tools/22_51_Exclusion.js
FN:3,Exclusion
FNF:1
FNH:1
FNDA:12,Exclusion
DA:1,18
DA:4,12
DA:5,12
DA:7,12
DA:8,36
DA:9,36
DA:11,36
DA:12,36
DA:16,12
DA:22,18
LF:10
LH:10
BRDA:11,0,0,36
BRDA:11,0,1,0
BRDA:11,1,0,36
BRDA:11,1,1,36
BRDA:11,1,2,36
BRF:5
BRH:4
end_of_record
TN:
SF:Data/Utils/Frame_Tools/23_44_PointsInSet.js
FN:3,PointsInSet
FNF:1
FNH:1
FNDA:2,PointsInSet
DA:1,18
DA:5,2
DA:8,2
DA:9,8
DA:10,2
DA:13,8
DA:14,8
DA:19,2
DA:22,18
LF:9
LH:9
BRDA:9,0,0,2
BRDA:9,0,1,6
BRF:2
BRH:2
end_of_record
TN:
SF:Data/Utils/Frame_Tools/2_11_TeamFouls.js
FN:3,TeamFouls
FNF:1
FNH:1
FNDA:2,TeamFouls
DA:1,18
DA:4,2
DA:7,18
LF:3
LH:3
BRF:0
BRH:0
end_of_record
TN:
SF:Data/Utils/Frame_Tools/38_49_PlayersInPlay.js
FN:3,PlayersInPlay
FNF:1
FNH:1
FNDA:1,PlayersInPlay
DA:1,18
DA:4,1
DA:8,1
DA:9,6
DA:10,6
DA:12,6
DA:13,6
DA:16,1
DA:19,18
LF:9
LH:9
BRDA:9,0,0,6
BRDA:9,0,1,0
BRDA:9,1,0,6
BRDA:9,1,1,6
BRDA:12,2,0,6
BRDA:12,2,1,0
BRDA:12,3,0,6
BRDA:12,3,1,6
BRF:8
BRH:6
end_of_record
TN:
SF:Data/Utils/Frame_Tools/3_26_PlayerName.js
FN:3,PlayerName
FNF:1
FNH:1
FNDA:6,PlayerName
DA:1,18
DA:4,6
DA:5,6
DA:6,6
DA:8,6
DA:10,6
DA:13,6
DA:14,2
DA:18,4
DA:19,0
DA:22,4
DA:25,6
DA:32,18
LF:13
LH:12
BRDA:8,0,0,6
BRDA:8,0,1,0
BRDA:8,1,0,6
BRDA:8,1,1,6
BRDA:13,2,0,2
BRDA:13,2,1,4
BRDA:13,3,0,6
BRDA:13,3,1,2
BRDA:18,4,0,0
BRDA:18,4,1,4
BRDA:18,5,0,4
BRDA:18,5,1,0
BRF:12
BRH:9
end_of_record
TN:
SF:Data/Utils/Frame_Tools/3_Possession.js
FN:3,Possession
FNF:1
FNH:1
FNDA:1,Possession
DA:1,18
DA:4,1
DA:5,0
DA:7,1
DA:8,0
DA:10,1
DA:13,18
LF:7
LH:5
BRDA:4,0,0,0
BRDA:4,0,1,1
BRDA:7,1,0,0
BRDA:7,1,1,1
BRF:4
BRH:2
end_of_record
TN:
SF:Data/Utils/Frame_Tools/4_35_ShirtNumber.js
FN:3,ShirtNumber
FNF:1
FNH:1
FNDA:2,ShirtNumber
DA:1,18
DA:4,2
DA:5,2
DA:6,32
DA:7,0
DA:8,32
DA:9,0
DA:11,32
DA:14,2
DA:17,18
LF:10
LH:8
BRDA:6,0,0,0
BRDA:6,0,1,32
BRDA:6,1,0,32
BRDA:6,1,1,18
BRDA:8,2,0,0
BRDA:8,2,1,32
BRDA:8,3,0,32
BRDA:8,3,1,0
BRF:8
BRH:5
end_of_record
TN:
SF:Data/Utils/Frame_Tools/4_7_Chrono.js
FN:3,Chrono
FNF:1
FNH:1
FNDA:18,Chrono
DA:1,19
DA:4,18
DA:5,18
DA:6,14
DA:8,4
DA:10,18
DA:13,19
LF:7
LH:7
BRDA:5,0,0,14
BRDA:5,0,1,4
BRF:2
BRH:2
end_of_record
TN:
SF:Data/Utils/Frame_Tools/50_24sHorn.js
FN:1,sHorn
FNF:1
FNH:1
FNDA:1,sHorn
DA:2,1
DA:5,18
LF:2
LH:2
BRF:0
BRH:0
end_of_record
TN:
SF:Data/Utils/Frame_Tools/50_Service.js
FN:1,Service
FNF:1
FNH:1
FNDA:4,Service
DA:2,4
DA:7,4
DA:8,1
DA:9,1
DA:10,3
DA:11,0
DA:12,0
DA:13,3
DA:14,0
DA:15,0
DA:16,3
DA:17,0
DA:18,0
DA:20,3
DA:21,3
DA:24,4
DA:27,18
LF:17
LH:11
BRDA:7,0,0,1
BRDA:7,0,1,3
BRDA:10,1,0,0
BRDA:10,1,1,3
BRDA:13,2,0,0
BRDA:13,2,1,3
BRDA:16,3,0,0
BRDA:16,3,1,3
BRF:8
BRH:5
end_of_record
TN:
SF:Data/Utils/Frame_Tools/51_24sTimerStartStop.js
FN:1,sTimerStartStop
FNF:1
FNH:1
FNDA:6,sTimerStartStop
DA:2,6
DA:6,6
DA:7,6
DA:8,6
DA:9,0
DA:10,0
DA:11,0
DA:12,0
DA:13,0
DA:14,0
DA:16,6
DA:19,18
LF:12
LH:6
BRDA:6,0,0,6
BRDA:6,0,1,0
BRDA:9,1,0,0
BRDA:9,1,1,0
BRDA:12,2,0,0
BRDA:12,2,1,0
BRDA:12,3,0,0
BRDA:12,3,1,0
BRF:8
BRH:1
end_of_record
TN:
SF:Data/Utils/Frame_Tools/51_Winner.js
FN:1,Winner
FNF:1
FNH:1
FNDA:4,Winner
DA:2,4
DA:6,4
DA:7,0
DA:8,4
DA:9,0
DA:11,4
DA:14,18
LF:7
LH:5
BRDA:6,0,0,0
BRDA:6,0,1,4
BRDA:8,1,0,0
BRDA:8,1,1,4
BRF:4
BRH:2
end_of_record
TN:
SF:Data/Utils/Frame_Tools/52_24sDisplay.js
FN:2,sDisplay
FNF:1
FNH:1
FNDA:3,sDisplay
DA:1,18
DA:3,3
DA:7,3
DA:8,3
DA:9,3
DA:10,0
DA:11,0
DA:12,0
DA:13,0
DA:14,0
DA:15,0
DA:18,3
DA:21,18
LF:13
LH:7
BRDA:7,0,0,3
BRDA:7,0,1,0
BRDA:10,1,0,0
BRDA:10,1,1,0
BRDA:13,2,0,0
BRDA:13,2,1,0
BRF:6
BRH:1
end_of_record
TN:
SF:Data/Utils/Frame_Tools/52_TieBreak.js
FN:1,TieBreak
FNF:1
FNH:1
FNDA:1,TieBreak
DA:2,1
DA:5,18
LF:2
LH:2
BRF:0
BRH:0
end_of_record
TN:
SF:Data/Utils/Frame_Tools/6_48_TeamName.js
FN:3,TeamName
FNF:1
FNH:1
FNDA:8,TeamName
DA:1,18
DA:4,8
DA:5,8
DA:10,18
LF:4
LH:4
BRF:0
BRH:0
end_of_record
TN:
SF:Data/Utils/Frame_Tools/Frame_Tools_index.js
FNF:0
FNH:0
DA:1,18
DA:2,18
DA:3,18
DA:4,18
DA:5,18
DA:6,18
DA:7,18
DA:8,18
DA:9,18
DA:10,18
DA:11,18
DA:12,18
DA:13,18
DA:14,18
DA:15,18
DA:16,18
DA:17,18
DA:18,18
DA:19,18
DA:20,18
DA:21,18
DA:22,18
DA:23,18
DA:25,18
DA:51,18
LF:25
LH:25
BRF:0
BRH:0
end_of_record
